Determining if the pthread_create exist failed with the following output:
Change Dir: /home/tomvillegasm/duckietown-uoct/catkin_ws/build/CMakeFiles/CMakeTmp

Run Build Command:"/usr/bin/make" "cmTC_3af87/fast"
/usr/bin/make -f CMakeFiles/cmTC_3af87.dir/build.make CMakeFiles/cmTC_3af87.dir/build
make[1]: Entering directory '/home/tomvillegasm/duckietown-uoct/catkin_ws/build/CMakeFiles/CMakeTmp'
Building C object CMakeFiles/cmTC_3af87.dir/CheckSymbolExists.c.o
/usr/bin/cc    -o CMakeFiles/cmTC_3af87.dir/CheckSymbolExists.c.o   -c /home/tomvillegasm/duckietown-uoct/catkin_ws/build/CMakeFiles/CMakeTmp/CheckSymbolExists.c
Linking C executable cmTC_3af87
/usr/bin/cmake -E cmake_link_script CMakeFiles/cmTC_3af87.dir/link.txt --verbose=1
/usr/bin/cc      -rdynamic CMakeFiles/cmTC_3af87.dir/CheckSymbolExists.c.o  -o cmTC_3af87 
CMakeFiles/cmTC_3af87.dir/CheckSymbolExists.c.o: In function `main':
CheckSymbolExists.c:(.text+0x1b): undefined reference to `pthread_create'
collect2: error: ld returned 1 exit status
CMakeFiles/cmTC_3af87.dir/build.make:97: recipe for target 'cmTC_3af87' failed
make[1]: *** [cmTC_3af87] Error 1
make[1]: Leaving directory '/home/tomvillegasm/duckietown-uoct/catkin_ws/build/CMakeFiles/CMakeTmp'
Makefile:126: recipe for target 'cmTC_3af87/fast' failed
make: *** [cmTC_3af87/fast] Error 2

File /home/tomvillegasm/duckietown-uoct/catkin_ws/build/CMakeFiles/CMakeTmp/CheckSymbolExists.c:
/* */
#include <pthread.h>

int main(int argc, char** argv)
{
  (void)argv;
#ifndef pthread_create
  return ((int*)(&pthread_create))[argc];
#else
  (void)argc;
  return 0;
#endif
}

Determining if the function pthread_create exists in the pthreads failed with the following output:
Change Dir: /home/tomvillegasm/duckietown-uoct/catkin_ws/build/CMakeFiles/CMakeTmp

Run Build Command:"/usr/bin/make" "cmTC_97200/fast"
/usr/bin/make -f CMakeFiles/cmTC_97200.dir/build.make CMakeFiles/cmTC_97200.dir/build
make[1]: Entering directory '/home/tomvillegasm/duckietown-uoct/catkin_ws/build/CMakeFiles/CMakeTmp'
Building C object CMakeFiles/cmTC_97200.dir/CheckFunctionExists.c.o
/usr/bin/cc   -DCHECK_FUNCTION_EXISTS=pthread_create   -o CMakeFiles/cmTC_97200.dir/CheckFunctionExists.c.o   -c /usr/share/cmake-3.10/Modules/CheckFunctionExists.c
Linking C executable cmTC_97200
/usr/bin/cmake -E cmake_link_script CMakeFiles/cmTC_97200.dir/link.txt --verbose=1
/usr/bin/cc  -DCHECK_FUNCTION_EXISTS=pthread_create    -rdynamic CMakeFiles/cmTC_97200.dir/CheckFunctionExists.c.o  -o cmTC_97200 -lpthreads 
/usr/bin/ld: cannot find -lpthreads
collect2: error: ld returned 1 exit status
CMakeFiles/cmTC_97200.dir/build.make:97: recipe for target 'cmTC_97200' failed
make[1]: *** [cmTC_97200] Error 1
make[1]: Leaving directory '/home/tomvillegasm/duckietown-uoct/catkin_ws/build/CMakeFiles/CMakeTmp'
Makefile:126: recipe for target 'cmTC_97200/fast' failed
make: *** [cmTC_97200/fast] Error 2


